\BOOKMARK [1][-]{section.1}{Inleiding}{}% 1
\BOOKMARK [1][-]{section.2}{Code eisen}{}% 2
\BOOKMARK [2][-]{subsection.2.1}{Classes}{section.2}% 3
\BOOKMARK [2][-]{subsection.2.2}{Methodes}{section.2}% 4
\BOOKMARK [2][-]{subsection.2.3}{Commentaar}{section.2}% 5
\BOOKMARK [2][-]{subsection.2.4}{Overig}{section.2}% 6
\BOOKMARK [1][-]{section.3}{Project eisen}{}% 7
\BOOKMARK [1][-]{section.4}{Ontwerp}{}% 8
\BOOKMARK [1][-]{section.5}{Reflectie}{}% 9
\BOOKMARK [2][-]{subsection.5.1}{Paul de Hek}{section.5}% 10
\BOOKMARK [3][-]{subsubsection.5.1.1}{Wat was er leuk}{subsection.5.1}% 11
\BOOKMARK [3][-]{subsubsection.5.1.2}{Wat was er niet leuk}{subsection.5.1}% 12
\BOOKMARK [3][-]{subsubsection.5.1.3}{Wat was er moeilijk}{subsection.5.1}% 13
\BOOKMARK [3][-]{subsubsection.5.1.4}{Wat heb ik geleerd}{subsection.5.1}% 14
\BOOKMARK [2][-]{subsection.5.2}{Rick van Vonderen}{section.5}% 15
\BOOKMARK [3][-]{subsubsection.5.2.1}{Wat was er leuk}{subsection.5.2}% 16
\BOOKMARK [3][-]{subsubsection.5.2.2}{Wat was er niet leuk}{subsection.5.2}% 17
\BOOKMARK [3][-]{subsubsection.5.2.3}{Wat was er moeilijk}{subsection.5.2}% 18
\BOOKMARK [3][-]{subsubsection.5.2.4}{Wat heb ik geleerd}{subsection.5.2}% 19
\BOOKMARK [2][-]{subsection.5.3}{Quentin Hoogwerf}{section.5}% 20
\BOOKMARK [3][-]{subsubsection.5.3.1}{Wat was er leuk}{subsection.5.3}% 21
\BOOKMARK [3][-]{subsubsection.5.3.2}{Wat was er niet leuk}{subsection.5.3}% 22
\BOOKMARK [3][-]{subsubsection.5.3.3}{Wat was er moeilijk}{subsection.5.3}% 23
\BOOKMARK [3][-]{subsubsection.5.3.4}{Wat heb ik geleerd}{subsection.5.3}% 24
\BOOKMARK [2][-]{subsection.5.4}{Wouter Bruggeman}{section.5}% 25
\BOOKMARK [3][-]{subsubsection.5.4.1}{Wat was er leuk}{subsection.5.4}% 26
\BOOKMARK [3][-]{subsubsection.5.4.2}{Wat was er niet leuk}{subsection.5.4}% 27
\BOOKMARK [3][-]{subsubsection.5.4.3}{Wat was er moeilijk}{subsection.5.4}% 28
\BOOKMARK [3][-]{subsubsection.5.4.4}{Wat heb ik geleerd}{subsection.5.4}% 29
